RequestType=GET URL=/api/substances Status=200 ResponseTime=373.240 Token=eyJhbGciOiJIUzI1NiIsInR5cCI6IkpXVCJ9.eyJlbWFpbCI6InR0ZW1wbGFyODIwQGdtYWlsLmNvbSIsImlkIjoxLCJpYXQiOjE2MjQ1NTUxNzd9.Kc2dolHMyKINfkmbLq75fzKII1kHeGQHD6F_LHZKY04 RequestBody={"name":"Летуаль","address":"Снайперская 6-2-142","products":[{"name":"Презирвативы","price":1000},{"name":"Смазка","price":2000},{"name":"Гель","price":3000}]}
RequestType=GET URL=/api/substances Status=200 ResponseTime=339.463 Token=eyJhbGciOiJIUzI1NiIsInR5cCI6IkpXVCJ9.eyJlbWFpbCI6InR0ZW1wbGFyODIwQGdtYWlsLmNvbSIsImlkIjoxLCJpYXQiOjE2MjQ1NTUxNzd9.Kc2dolHMyKINfkmbLq75fzKII1kHeGQHD6F_LHZKY04 RequestBody={"name":"Летуаль","address":"Снайперская 6-2-142","products":[{"name":"Презирвативы","price":1000},{"name":"Смазка","price":2000},{"name":"Гель","price":3000}]}
RequestType=GET URL=/api/products Status=404 ResponseTime=25.213 Token=eyJhbGciOiJIUzI1NiIsInR5cCI6IkpXVCJ9.eyJlbWFpbCI6InR0ZW1wbGFyODIwQGdtYWlsLmNvbSIsImlkIjoxLCJpYXQiOjE2MjQ1NTUxNzd9.Kc2dolHMyKINfkmbLq75fzKII1kHeGQHD6F_LHZKY04 RequestBody={"name":"Летуаль","address":"Снайперская 6-2-142","products":[{"name":"Презирвативы","price":1000},{"name":"Смазка","price":2000},{"name":"Гель","price":3000}]}
RequestType=GET URL=/api/substances Status=200 ResponseTime=391.160 Token=eyJhbGciOiJIUzI1NiIsInR5cCI6IkpXVCJ9.eyJlbWFpbCI6InR0ZW1wbGFyODIwQGdtYWlsLmNvbSIsImlkIjoxLCJpYXQiOjE2MjQ1NTUxNzd9.Kc2dolHMyKINfkmbLq75fzKII1kHeGQHD6F_LHZKY04 RequestBody={"name":"Летуаль","address":"Снайперская 6-2-142","products":[{"name":"Презирвативы","price":1000},{"name":"Смазка","price":2000},{"name":"Гель","price":3000}]}
RequestType=GET URL=/api/docs Status=301 ResponseTime=9.022 Token=- RequestBody={}
RequestType=GET URL=/api/docs/ Status=200 ResponseTime=5.957 Token=- RequestBody={}
RequestType=GET URL=/api/docs/swagger-ui-init.js Status=200 ResponseTime=8.074 Token=- RequestBody={}
RequestType=GET URL=/api/docs/swagger-ui.css Status=200 ResponseTime=18.411 Token=- RequestBody={}
RequestType=GET URL=/api/docs/swagger-ui-standalone-preset.js Status=200 ResponseTime=16.862 Token=- RequestBody={}
RequestType=GET URL=/api/docs/swagger-ui-bundle.js Status=200 ResponseTime=15.064 Token=- RequestBody={}
RequestType=GET URL=/api/docs/favicon-32x32.png Status=200 ResponseTime=1.761 Token=- RequestBody={}
RequestType=GET URL=/api/docs/ Status=304 ResponseTime=2.784 Token=- RequestBody={}
RequestType=GET URL=/api/docs/swagger-ui.css Status=304 ResponseTime=7.488 Token=- RequestBody={}
RequestType=GET URL=/api/docs/swagger-ui-init.js Status=304 ResponseTime=4.290 Token=- RequestBody={}
RequestType=GET URL=/api/docs/swagger-ui-bundle.js Status=304 ResponseTime=13.501 Token=- RequestBody={}
RequestType=GET URL=/api/docs/swagger-ui-standalone-preset.js Status=304 ResponseTime=14.181 Token=- RequestBody={}
RequestType=GET URL=/api/docs/favicon-32x32.png Status=304 ResponseTime=5.823 Token=- RequestBody={}
RequestType=GET URL=/api/docs/ Status=304 ResponseTime=11.230 Token=- RequestBody={}
RequestType=GET URL=/api/docs/swagger-ui.css Status=304 ResponseTime=7.541 Token=- RequestBody={}
RequestType=GET URL=/api/docs/swagger-ui-init.js Status=304 ResponseTime=2.196 Token=- RequestBody={}
RequestType=GET URL=/api/docs/swagger-ui-bundle.js Status=304 ResponseTime=7.841 Token=- RequestBody={}
RequestType=GET URL=/api/docs/swagger-ui-standalone-preset.js Status=304 ResponseTime=9.732 Token=- RequestBody={}
RequestType=GET URL=/api/docs/favicon-32x32.png Status=304 ResponseTime=1.320 Token=- RequestBody={}
RequestType=POST URL=/product Status=404 ResponseTime=7.102 Token=- RequestBody={}
RequestType=GET URL=/api/docs/ Status=304 ResponseTime=12.308 Token=- RequestBody={}
RequestType=GET URL=/api/docs/swagger-ui.css Status=304 ResponseTime=8.286 Token=- RequestBody={}
RequestType=GET URL=/api/docs/swagger-ui-bundle.js Status=304 ResponseTime=11.784 Token=- RequestBody={}
RequestType=GET URL=/api/docs/swagger-ui-standalone-preset.js Status=304 ResponseTime=11.692 Token=- RequestBody={}
RequestType=GET URL=/api/docs/swagger-ui-init.js Status=200 ResponseTime=5.589 Token=- RequestBody={}
RequestType=GET URL=/api/docs/favicon-32x32.png Status=304 ResponseTime=1.318 Token=- RequestBody={}
RequestType=GET URL=/api/docs/ Status=304 ResponseTime=12.096 Token=- RequestBody={}
RequestType=GET URL=/api/docs/swagger-ui.css Status=304 ResponseTime=3.847 Token=- RequestBody={}
RequestType=GET URL=/api/docs/swagger-ui-init.js Status=304 ResponseTime=1.988 Token=- RequestBody={}
RequestType=GET URL=/api/docs/swagger-ui-bundle.js Status=304 ResponseTime=11.065 Token=- RequestBody={}
RequestType=GET URL=/api/docs/swagger-ui-standalone-preset.js Status=304 ResponseTime=8.197 Token=- RequestBody={}
RequestType=GET URL=/api/docs/favicon-32x32.png Status=304 ResponseTime=1.743 Token=- RequestBody={}
RequestType=GET URL=/api/docs/ Status=304 ResponseTime=2.355 Token=- RequestBody={}
RequestType=GET URL=/api/docs/swagger-ui.css Status=304 ResponseTime=5.647 Token=- RequestBody={}
RequestType=GET URL=/api/docs/swagger-ui-bundle.js Status=304 ResponseTime=11.288 Token=- RequestBody={}
RequestType=GET URL=/api/docs/swagger-ui-standalone-preset.js Status=304 ResponseTime=10.722 Token=- RequestBody={}
RequestType=GET URL=/api/docs/swagger-ui-init.js Status=304 ResponseTime=12.820 Token=- RequestBody={}
RequestType=GET URL=/api/docs/favicon-32x32.png Status=304 ResponseTime=2.179 Token=- RequestBody={}
RequestType=GET URL=/api/docs/ Status=304 ResponseTime=34.784 Token=- RequestBody={}
RequestType=GET URL=/api/docs/swagger-ui.css Status=304 ResponseTime=29.851 Token=- RequestBody={}
RequestType=GET URL=/api/docs/swagger-ui-init.js Status=200 ResponseTime=25.656 Token=- RequestBody={}
RequestType=GET URL=/api/docs/swagger-ui-standalone-preset.js Status=304 ResponseTime=44.293 Token=- RequestBody={}
RequestType=GET URL=/api/docs/swagger-ui-bundle.js Status=304 ResponseTime=46.474 Token=- RequestBody={}
RequestType=GET URL=/api/docs/favicon-32x32.png Status=304 ResponseTime=2.350 Token=- RequestBody={}
RequestType=GET URL=/api/docs/ Status=304 ResponseTime=11.371 Token=- RequestBody={}
RequestType=GET URL=/api/docs/swagger-ui.css Status=304 ResponseTime=6.167 Token=- RequestBody={}
RequestType=GET URL=/api/docs/swagger-ui-init.js Status=200 ResponseTime=3.788 Token=- RequestBody={}
RequestType=GET URL=/api/docs/swagger-ui-bundle.js Status=304 ResponseTime=10.874 Token=- RequestBody={}
RequestType=GET URL=/api/docs/swagger-ui-standalone-preset.js Status=304 ResponseTime=12.980 Token=- RequestBody={}
RequestType=GET URL=/api/docs/favicon-32x32.png Status=304 ResponseTime=1.497 Token=- RequestBody={}
RequestType=GET URL=/api/docs/ Status=304 ResponseTime=9.644 Token=- RequestBody={}
RequestType=GET URL=/api/docs/swagger-ui.css Status=304 ResponseTime=5.511 Token=- RequestBody={}
RequestType=GET URL=/api/docs/swagger-ui-init.js Status=304 ResponseTime=2.468 Token=- RequestBody={}
RequestType=GET URL=/api/docs/swagger-ui-bundle.js Status=304 ResponseTime=7.843 Token=- RequestBody={}
RequestType=GET URL=/api/docs/swagger-ui-standalone-preset.js Status=304 ResponseTime=10.825 Token=- RequestBody={}
RequestType=GET URL=/api/docs/favicon-32x32.png Status=304 ResponseTime=2.082 Token=- RequestBody={}
RequestType=GET URL=/api/docs/ Status=304 ResponseTime=4.993 Token=- RequestBody={}
RequestType=GET URL=/api/docs/swagger-ui.css Status=304 ResponseTime=6.992 Token=- RequestBody={}
RequestType=GET URL=/api/docs/swagger-ui-bundle.js Status=304 ResponseTime=4.576 Token=- RequestBody={}
RequestType=GET URL=/api/docs/swagger-ui-standalone-preset.js Status=304 ResponseTime=5.591 Token=- RequestBody={}
RequestType=GET URL=/api/docs/swagger-ui-init.js Status=304 ResponseTime=6.254 Token=- RequestBody={}
RequestType=GET URL=/api/docs/favicon-32x32.png Status=304 ResponseTime=1.417 Token=- RequestBody={}
RequestType=GET URL=/api/docs/ Status=304 ResponseTime=33.549 Token=- RequestBody={}
RequestType=GET URL=/api/docs/swagger-ui.css Status=304 ResponseTime=6.951 Token=- RequestBody={}
RequestType=GET URL=/api/docs/swagger-ui-bundle.js Status=304 ResponseTime=11.080 Token=- RequestBody={}
RequestType=GET URL=/api/docs/swagger-ui-standalone-preset.js Status=304 ResponseTime=8.191 Token=- RequestBody={}
RequestType=GET URL=/api/docs/swagger-ui-init.js Status=200 ResponseTime=6.997 Token=- RequestBody={}
RequestType=GET URL=/api/docs/favicon-32x32.png Status=304 ResponseTime=1.581 Token=- RequestBody={}
RequestType=GET URL=/api/docs/ Status=304 ResponseTime=12.671 Token=- RequestBody={}
RequestType=GET URL=/api/docs/swagger-ui.css Status=304 ResponseTime=6.344 Token=- RequestBody={}
RequestType=GET URL=/api/docs/swagger-ui-bundle.js Status=304 ResponseTime=7.493 Token=- RequestBody={}
RequestType=GET URL=/api/docs/swagger-ui-init.js Status=200 ResponseTime=2.635 Token=- RequestBody={}
RequestType=GET URL=/api/docs/swagger-ui-standalone-preset.js Status=304 ResponseTime=6.053 Token=- RequestBody={}
RequestType=GET URL=/api/docs/favicon-32x32.png Status=304 ResponseTime=2.780 Token=- RequestBody={}
RequestType=GET URL=/api/docs/ Status=304 ResponseTime=11.890 Token=- RequestBody={}
RequestType=GET URL=/api/docs/swagger-ui.css Status=304 ResponseTime=6.974 Token=- RequestBody={}
RequestType=GET URL=/api/docs/swagger-ui-init.js Status=200 ResponseTime=3.988 Token=- RequestBody={}
RequestType=GET URL=/api/docs/swagger-ui-bundle.js Status=304 ResponseTime=11.174 Token=- RequestBody={}
RequestType=GET URL=/api/docs/swagger-ui-standalone-preset.js Status=304 ResponseTime=11.975 Token=- RequestBody={}
RequestType=GET URL=/api/docs/favicon-32x32.png Status=304 ResponseTime=7.032 Token=- RequestBody={}
RequestType=GET URL=/api/docs/ Status=304 ResponseTime=14.788 Token=- RequestBody={}
RequestType=GET URL=/api/docs/swagger-ui.css Status=304 ResponseTime=10.940 Token=- RequestBody={}
RequestType=GET URL=/api/docs/swagger-ui-bundle.js Status=304 ResponseTime=13.345 Token=- RequestBody={}
RequestType=GET URL=/api/docs/swagger-ui-standalone-preset.js Status=304 ResponseTime=13.748 Token=- RequestBody={}
RequestType=GET URL=/api/docs/swagger-ui-init.js Status=200 ResponseTime=13.272 Token=- RequestBody={}
RequestType=GET URL=/api/docs/favicon-32x32.png Status=200 ResponseTime=6.297 Token=- RequestBody={}
RequestType=GET URL=/api/docs/ Status=304 ResponseTime=17.261 Token=- RequestBody={}
RequestType=GET URL=/api/docs/swagger-ui.css Status=304 ResponseTime=13.094 Token=- RequestBody={}
RequestType=GET URL=/api/docs/swagger-ui-bundle.js Status=304 ResponseTime=15.909 Token=- RequestBody={}
RequestType=GET URL=/api/docs/swagger-ui-standalone-preset.js Status=304 ResponseTime=22.362 Token=- RequestBody={}
RequestType=GET URL=/api/docs/swagger-ui-init.js Status=200 ResponseTime=27.054 Token=- RequestBody={}
RequestType=GET URL=/api/docs/favicon-32x32.png Status=304 ResponseTime=1.959 Token=- RequestBody={}
RequestType=GET URL=/api/docs/ Status=304 ResponseTime=13.057 Token=- RequestBody={}
RequestType=GET URL=/api/docs/swagger-ui.css Status=304 ResponseTime=7.073 Token=- RequestBody={}
RequestType=GET URL=/api/docs/swagger-ui-bundle.js Status=304 ResponseTime=1.562 Token=- RequestBody={}
RequestType=GET URL=/api/docs/swagger-ui-init.js Status=304 ResponseTime=2.260 Token=- RequestBody={}
RequestType=GET URL=/api/docs/swagger-ui-standalone-preset.js Status=304 ResponseTime=14.911 Token=- RequestBody={}
RequestType=GET URL=/api/docs/favicon-32x32.png Status=304 ResponseTime=2.048 Token=- RequestBody={}
RequestType=GET URL=/api/docs/ Status=304 ResponseTime=1.900 Token=- RequestBody={}
RequestType=GET URL=/api/docs/swagger-ui.css Status=304 ResponseTime=4.418 Token=- RequestBody={}
RequestType=GET URL=/api/docs/swagger-ui-bundle.js Status=304 ResponseTime=7.405 Token=- RequestBody={}
RequestType=GET URL=/api/docs/swagger-ui-standalone-preset.js Status=304 ResponseTime=13.191 Token=- RequestBody={}
RequestType=GET URL=/api/docs/swagger-ui-init.js Status=304 ResponseTime=9.776 Token=- RequestBody={}
RequestType=GET URL=/api/docs/favicon-32x32.png Status=304 ResponseTime=4.514 Token=- RequestBody={}
RequestType=GET URL=/api/docs/ Status=304 ResponseTime=2.632 Token=- RequestBody={}
RequestType=GET URL=/api/docs/swagger-ui.css Status=304 ResponseTime=5.850 Token=- RequestBody={}
RequestType=GET URL=/api/docs/swagger-ui-bundle.js Status=304 ResponseTime=10.192 Token=- RequestBody={}
RequestType=GET URL=/api/docs/swagger-ui-standalone-preset.js Status=304 ResponseTime=11.500 Token=- RequestBody={}
RequestType=GET URL=/api/docs/swagger-ui-init.js Status=304 ResponseTime=11.308 Token=- RequestBody={}
RequestType=GET URL=/api/docs/ Status=304 ResponseTime=9.955 Token=- RequestBody={}
RequestType=GET URL=/api/docs/swagger-ui-init.js Status=304 ResponseTime=1.791 Token=- RequestBody={}
RequestType=GET URL=/api/docs/swagger-ui.css Status=304 ResponseTime=16.645 Token=- RequestBody={}
RequestType=GET URL=/api/docs/swagger-ui-bundle.js Status=304 ResponseTime=19.163 Token=- RequestBody={}
RequestType=GET URL=/api/docs/swagger-ui-standalone-preset.js Status=304 ResponseTime=1.687 Token=- RequestBody={}
RequestType=GET URL=/api/docs/favicon-32x32.png Status=304 ResponseTime=6.037 Token=- RequestBody={}
RequestType=GET URL=/api/docs/ Status=304 ResponseTime=9.425 Token=- RequestBody={}
RequestType=GET URL=/api/docs/swagger-ui.css Status=304 ResponseTime=8.213 Token=- RequestBody={}
RequestType=GET URL=/api/docs/swagger-ui-bundle.js Status=304 ResponseTime=13.653 Token=- RequestBody={}
RequestType=GET URL=/api/docs/swagger-ui-standalone-preset.js Status=304 ResponseTime=13.819 Token=- RequestBody={}
RequestType=GET URL=/api/docs/swagger-ui-init.js Status=304 ResponseTime=2.463 Token=- RequestBody={}
RequestType=GET URL=/api/docs/favicon-32x32.png Status=304 ResponseTime=2.906 Token=- RequestBody={}
RequestType=GET URL=/api/docs/ Status=304 ResponseTime=7.934 Token=- RequestBody={}
RequestType=GET URL=/api/docs/swagger-ui.css Status=304 ResponseTime=5.466 Token=- RequestBody={}
RequestType=GET URL=/api/docs/swagger-ui-init.js Status=304 ResponseTime=1.923 Token=- RequestBody={}
RequestType=GET URL=/api/docs/swagger-ui-bundle.js Status=304 ResponseTime=6.348 Token=- RequestBody={}
RequestType=GET URL=/api/docs/swagger-ui-standalone-preset.js Status=304 ResponseTime=7.220 Token=- RequestBody={}
RequestType=GET URL=/api/docs/favicon-32x32.png Status=304 ResponseTime=2.757 Token=- RequestBody={}
RequestType=GET URL=/api/docs/ Status=200 ResponseTime=9.832 Token=- RequestBody={}
RequestType=GET URL=/api/docs/swagger-ui.css Status=304 ResponseTime=8.109 Token=- RequestBody={}
RequestType=GET URL=/api/docs/swagger-ui-bundle.js Status=304 ResponseTime=8.490 Token=- RequestBody={}
RequestType=GET URL=/api/docs/swagger-ui-standalone-preset.js Status=304 ResponseTime=14.818 Token=- RequestBody={}
RequestType=GET URL=/api/docs/swagger-ui-init.js Status=304 ResponseTime=16.028 Token=- RequestBody={}
RequestType=GET URL=/api/docs/favicon-32x32.png Status=200 ResponseTime=3.908 Token=- RequestBody={}
RequestType=GET URL=/api/docs/ Status=304 ResponseTime=8.963 Token=- RequestBody={}
RequestType=GET URL=/api/docs/swagger-ui-init.js Status=304 ResponseTime=2.613 Token=- RequestBody={}
RequestType=GET URL=/api/docs/swagger-ui.css Status=304 ResponseTime=12.831 Token=- RequestBody={}
RequestType=GET URL=/api/docs/swagger-ui-bundle.js Status=304 ResponseTime=10.735 Token=- RequestBody={}
RequestType=GET URL=/api/docs/swagger-ui-standalone-preset.js Status=304 ResponseTime=24.489 Token=- RequestBody={}
RequestType=GET URL=/api/docs/favicon-32x32.png Status=304 ResponseTime=6.325 Token=- RequestBody={}
RequestType=GET URL=/api/docs/ Status=304 ResponseTime=9.606 Token=- RequestBody={}
RequestType=GET URL=/api/docs/swagger-ui.css Status=304 ResponseTime=5.554 Token=- RequestBody={}
RequestType=GET URL=/api/docs/swagger-ui-init.js Status=200 ResponseTime=5.994 Token=- RequestBody={}
RequestType=GET URL=/api/docs/swagger-ui-bundle.js Status=304 ResponseTime=10.533 Token=- RequestBody={}
RequestType=GET URL=/api/docs/swagger-ui-standalone-preset.js Status=304 ResponseTime=8.231 Token=- RequestBody={}
RequestType=GET URL=/api/docs/favicon-32x32.png Status=304 ResponseTime=3.497 Token=- RequestBody={}
RequestType=GET URL=/api/docs/ Status=304 ResponseTime=27.776 Token=- RequestBody={}
RequestType=GET URL=/api/docs/swagger-ui.css Status=304 ResponseTime=9.826 Token=- RequestBody={}
RequestType=GET URL=/api/docs/swagger-ui-bundle.js Status=304 ResponseTime=13.258 Token=- RequestBody={}
RequestType=GET URL=/api/docs/swagger-ui-standalone-preset.js Status=304 ResponseTime=12.519 Token=- RequestBody={}
RequestType=GET URL=/api/docs/swagger-ui-init.js Status=200 ResponseTime=3.273 Token=- RequestBody={}
RequestType=GET URL=/api/docs/favicon-32x32.png Status=304 ResponseTime=9.091 Token=- RequestBody={}
RequestType=GET URL=/api/docs/ Status=304 ResponseTime=9.290 Token=- RequestBody={}
RequestType=GET URL=/api/docs/swagger-ui.css Status=304 ResponseTime=3.932 Token=- RequestBody={}
RequestType=GET URL=/api/docs/swagger-ui-init.js Status=200 ResponseTime=5.468 Token=- RequestBody={}
RequestType=GET URL=/api/docs/swagger-ui-bundle.js Status=304 ResponseTime=11.245 Token=- RequestBody={}
RequestType=GET URL=/api/docs/swagger-ui-standalone-preset.js Status=304 ResponseTime=12.250 Token=- RequestBody={}
RequestType=GET URL=/api/docs/favicon-32x32.png Status=200 ResponseTime=11.215 Token=- RequestBody={}
RequestType=GET URL=/api/docs Status=301 ResponseTime=14.981 Token=- RequestBody={}
RequestType=GET URL=/api/docs/ Status=200 ResponseTime=3.994 Token=- RequestBody={}
RequestType=GET URL=/api/docs/swagger-ui.css Status=200 ResponseTime=3.808 Token=- RequestBody={}
RequestType=GET URL=/api/docs/swagger-ui-init.js Status=200 ResponseTime=2.211 Token=- RequestBody={}
RequestType=GET URL=/api/docs/swagger-ui-standalone-preset.js Status=200 ResponseTime=6.701 Token=- RequestBody={}
RequestType=GET URL=/api/docs/swagger-ui-bundle.js Status=200 ResponseTime=6.731 Token=- RequestBody={}
RequestType=GET URL=/api/docs/favicon-32x32.png Status=200 ResponseTime=1.668 Token=- RequestBody={}
RequestType=POST URL=/product Status=404 ResponseTime=26.843 Token=- RequestBody={"offset":0,"limit":48}
RequestType=GET URL=/api/docs/ Status=304 ResponseTime=16.850 Token=- RequestBody={}
RequestType=GET URL=/api/docs/swagger-ui-init.js Status=200 ResponseTime=2.169 Token=- RequestBody={}
RequestType=GET URL=/api/docs/swagger-ui.css Status=304 ResponseTime=6.158 Token=- RequestBody={}
RequestType=GET URL=/api/docs/swagger-ui-bundle.js Status=304 ResponseTime=6.247 Token=- RequestBody={}
RequestType=GET URL=/api/docs/swagger-ui-standalone-preset.js Status=304 ResponseTime=6.450 Token=- RequestBody={}
RequestType=GET URL=/api/docs/favicon-32x32.png Status=304 ResponseTime=1.026 Token=- RequestBody={}
RequestType=POST URL=/api/product Status=401 ResponseTime=19.062 Token=- RequestBody={"offset":0,"limit":48}
